2026-02-01 00:09:13,744 - release_ops - INFO - Starting release execution for BANKING-131311
2026-02-01 00:10:26,781 - release_ops - INFO - Starting release execution for BANKING-131311
2026-02-01 00:10:26,828 - release_ops - INFO - Working tree is clean
2026-02-01 00:10:27,794 - release_ops - INFO - No drift detected
2026-02-01 00:10:27,841 - release_ops - INFO - Checked out base branch: release/develop
2026-02-01 00:10:27,933 - release_ops - INFO - Created/checked out release branch: feature/BANKING-131311
2026-02-01 00:10:50,978 - release_ops - INFO - Starting release execution for BANKING-131311
2026-02-01 00:10:51,028 - release_ops - INFO - Working tree is clean
2026-02-01 00:10:51,971 - release_ops - INFO - No drift detected
2026-02-01 00:10:52,014 - release_ops - INFO - Checked out base branch: release/develop
2026-02-01 00:10:52,089 - release_ops - INFO - Created/checked out release branch: feature/BANKING-131311
2026-02-01 00:15:16,197 - release_ops - INFO - Starting release execution for BANKING-131311
2026-02-01 00:15:16,255 - release_ops - INFO - Working tree is clean
2026-02-01 00:15:17,265 - release_ops - INFO - No drift detected
2026-02-01 00:15:17,320 - release_ops - INFO - Checked out base branch: release/develop
2026-02-01 00:15:17,416 - release_ops - INFO - Created/checked out release branch: feature/BANKING-131311
2026-02-01 00:15:17,422 - release_ops - INFO - Applied file: pljson_printer_package.prc
2026-02-01 00:15:17,424 - release_ops - INFO - Applied file: pljson_type_impl.sql.sql
2026-02-01 00:15:17,775 - release_ops - INFO - Committed changes with message: BANKING-131311
2026-02-01 00:15:20,037 - release_ops - INFO - Pushed branch: feature/BANKING-131311
2026-02-01 00:15:20,037 - release_ops - INFO - Release BANKING-131311 completed successfully
2026-02-01 00:19:24,428 - release_ops - INFO - Starting release execution for BANKING-131311
2026-02-01 00:19:24,481 - release_ops - INFO - Working tree is clean
2026-02-01 00:19:25,372 - release_ops - INFO - No drift detected
2026-02-01 00:19:25,430 - release_ops - INFO - Checked out base branch: release/develop
2026-02-01 00:19:25,564 - release_ops - INFO - Created/checked out release branch: feature/BANKING-131311
2026-02-01 00:19:25,573 - release_ops - INFO - Applied file: pljson_printer_package.prc
2026-02-01 00:19:25,573 - release_ops - INFO - Applied file: pljson_type_impl.sql.sql
2026-02-01 00:19:35,501 - release_ops - INFO - Starting release execution for BANKING-131311
2026-02-01 00:19:35,560 - release_ops - INFO - Working tree is clean
2026-02-01 00:19:36,461 - release_ops - INFO - No drift detected
2026-02-01 00:19:36,505 - release_ops - INFO - Checked out base branch: release/develop
2026-02-01 00:19:36,637 - release_ops - INFO - Created/checked out release branch: feature/BANKING-131311
2026-02-01 00:19:36,639 - release_ops - INFO - Applied file: pljson_printer_package.prc
2026-02-01 00:19:36,644 - release_ops - INFO - Applied file: pljson_type_impl.sql.sql
2026-02-01 00:29:10,110 - release_ops - INFO - Starting release execution for TEST-123
2026-02-01 00:29:10,112 - release_ops - INFO - Working tree is clean
2026-02-01 00:29:10,112 - release_ops - INFO - No drift detected
2026-02-01 00:29:10,112 - release_ops - INFO - Checked out base branch: main
2026-02-01 00:29:10,112 - release_ops - INFO - Created/checked out release branch: release/integration
2026-02-01 00:29:10,113 - release_ops - INFO - Applied file: test.sql
2026-02-01 00:29:10,113 - release_ops - WARNING - Nothing to commit - release skipped.
2026-02-01 01:52:29,153 - release_ops - INFO - Starting release execution for BANKING-131312
2026-02-01 01:52:29,429 - release_ops - INFO - Working tree is clean
2026-02-01 01:52:30,388 - release_ops - INFO - No drift detected
2026-02-01 01:52:30,433 - release_ops - INFO - Checked out base branch: release/develop
2026-02-01 01:52:32,249 - release_ops - INFO - Created/checked out release branch: bugfix/BANKING-131312
2026-02-01 01:52:32,262 - release_ops - INFO - Applied file: cust_fix.sql
2026-02-01 01:52:32,516 - release_ops - INFO - Committed changes with message: BANKING-131312
2026-02-01 01:52:40,691 - release_ops - INFO - Pushed branch: bugfix/BANKING-131312
2026-02-01 01:52:40,692 - release_ops - INFO - Release BANKING-131312 completed successfully
2026-02-01 01:52:57,151 - release_ops - INFO - Starting release execution for BANKING-131312
2026-02-01 01:52:57,207 - release_ops - INFO - Working tree is clean
2026-02-01 01:52:58,135 - release_ops - INFO - No drift detected
2026-02-01 01:52:58,179 - release_ops - INFO - Checked out base branch: release/develop
2026-02-01 01:52:58,272 - release_ops - INFO - Created/checked out release branch: bugfix/BANKING-131312
2026-02-01 01:52:58,278 - release_ops - INFO - Applied file: cust_fix.sql
2026-02-01 01:52:58,382 - release_ops - WARNING - Nothing to commit - release skipped.
2026-02-01 02:12:38,662 - release_ops - INFO - Starting release execution for BANKING-131312
2026-02-01 02:12:38,728 - release_ops - INFO - Working tree is clean
2026-02-01 02:12:39,563 - release_ops - INFO - No drift detected
2026-02-01 02:12:39,622 - release_ops - INFO - Checked out base branch: release/develop
2026-02-01 02:12:40,740 - release_ops - INFO - Created/checked out release branch: feature/BANKING-131312
2026-02-01 02:12:40,745 - release_ops - INFO - Applied file: cust_fix.sql
2026-02-01 02:12:40,898 - release_ops - INFO - Committed changes with message: BANKING-131312
2026-02-01 02:12:42,971 - release_ops - INFO - Pushed branch: feature/BANKING-131312
2026-02-01 02:12:42,971 - release_ops - INFO - Release BANKING-131312 completed successfully
2026-02-01 02:15:04,207 - release_ops - INFO - Starting release execution for BANKING-131312
2026-02-01 02:15:04,260 - release_ops - INFO - Working tree is clean
2026-02-01 02:15:05,729 - release_ops - INFO - No drift detected
2026-02-01 02:15:05,782 - release_ops - INFO - Checked out base branch: release/develop
2026-02-01 02:15:05,874 - release_ops - INFO - Created/checked out release branch: feature/BANKING-131312
2026-02-01 02:15:05,879 - release_ops - INFO - Applied file: cust_fix.sql
2026-02-01 02:15:05,986 - release_ops - WARNING - Nothing to commit - release skipped.
2026-02-01 02:38:09,907 - release_ops - INFO - Starting release execution for BANKING-131312
2026-02-01 02:38:09,966 - release_ops - INFO - Working tree is clean
2026-02-01 02:38:10,820 - release_ops - INFO - No drift detected
2026-02-01 02:38:10,873 - release_ops - INFO - Checked out base branch: release/develop
2026-02-01 02:38:10,965 - release_ops - INFO - Created/checked out release branch: feature/BANKING-131312
2026-02-01 02:38:10,970 - release_ops - INFO - Applied file: cust_fix.sql
2026-02-01 02:38:11,091 - release_ops - WARNING - Nothing to commit - release skipped.
