2026-01-31 23:00:24,443 - release_ops - INFO - Starting release execution for BANKING-131311
2026-01-31 23:00:24,527 - release_ops - INFO - Working tree is clean
2026-01-31 23:00:25,449 - release_ops - INFO - No drift detected
2026-01-31 23:00:25,513 - release_ops - INFO - Checked out base branch: release/develop
2026-01-31 23:00:26,624 - release_ops - INFO - Created/checked out release branch: feature/BANKING-131311
2026-01-31 23:00:42,880 - release_ops - INFO - Starting release execution for BANKING-131311
2026-01-31 23:00:42,945 - release_ops - INFO - Working tree is clean
2026-01-31 23:00:44,962 - release_ops - INFO - No drift detected
2026-01-31 23:00:45,007 - release_ops - INFO - Checked out base branch: release/develop
2026-01-31 23:00:45,092 - release_ops - INFO - Created/checked out release branch: feature/BANKING-131311
2026-01-31 23:15:50,801 - release_ops - INFO - Starting release execution for BANKING-131313
2026-01-31 23:15:50,885 - release_ops - INFO - Working tree is clean
2026-01-31 23:15:51,823 - release_ops - INFO - No drift detected
2026-01-31 23:15:51,893 - release_ops - INFO - Checked out base branch: release/develop
2026-01-31 23:15:53,010 - release_ops - INFO - Created/checked out release branch: feature/BANKING-131313
2026-01-31 23:16:12,180 - release_ops - INFO - Starting release execution for BANKING-131313
2026-01-31 23:16:12,228 - release_ops - INFO - Working tree is clean
2026-01-31 23:16:13,414 - release_ops - INFO - No drift detected
2026-01-31 23:16:13,456 - release_ops - INFO - Checked out base branch: release/develop
2026-01-31 23:16:13,539 - release_ops - INFO - Created/checked out release branch: feature/BANKING-131313
2026-01-31 23:23:14,342 - release_ops - INFO - Starting release execution for BANKING-131311
2026-01-31 23:23:14,399 - release_ops - INFO - Working tree is clean
2026-01-31 23:23:15,319 - release_ops - INFO - No drift detected
2026-01-31 23:23:15,367 - release_ops - INFO - Checked out base branch: release/develop
2026-01-31 23:23:15,450 - release_ops - INFO - Created/checked out release branch: feature/BANKING-131311
2026-01-31 23:34:25,520 - release_ops - INFO - Starting release execution for BANKING-131313
2026-01-31 23:34:25,569 - release_ops - INFO - Working tree is clean
2026-01-31 23:34:26,479 - release_ops - INFO - No drift detected
2026-01-31 23:34:26,526 - release_ops - INFO - Checked out base branch: release/develop
2026-01-31 23:34:26,604 - release_ops - INFO - Created/checked out release branch: feature/BANKING-131313
2026-01-31 23:34:26,604 - release_ops - INFO - Applied file: pljson_printer_package.prc
2026-01-31 23:34:26,604 - release_ops - INFO - Applied file: pljson_type_impl.sql.sql
2026-01-31 23:34:26,999 - release_ops - INFO - Committed changes with message: BANKING-131313
2026-01-31 23:34:34,607 - release_ops - INFO - Pushed branch: feature/BANKING-131313
2026-01-31 23:34:34,607 - release_ops - INFO - Release BANKING-131313 completed successfully
